<testsuite name="Mocha Tests" tests="4" failures="0" errors="0" skipped="0" timestamp="Wed, 02 Nov 2016 11:54:17 GMT" time="0.733">
<testcase classname="Test GTD main page" name="Should check access and assert title" time="0.327"/>
<testcase classname="Test GTD main page" name="Should check access to GraphQl" time="0.11"/>
<testcase classname="Test GTD main page" name="Should only support GET calls" time="0.109"/>
<testcase classname="Test GTD main page" name="Should check favicon existence" time="0.078"/>
</testsuite>
